#
# There is insufficient memory for the Java Runtime Environment to continue.
# Native memory allocation (malloc) failed to allocate 32744 bytes for ChunkPool::allocate
# Possible reasons:
#   The system is out of physical RAM or swap space
#   In 32 bit mode, the process size limit was hit
# Possible solutions:
#   Reduce memory load on the system
#   Increase physical memory or swap space
#   Check if swap backing store is full
#   Use 64 bit Java on a 64 bit OS
#   Decrease Java heap size (-Xmx/-Xms)
#   Decrease number of Java threads
#   Decrease Java thread stack sizes (-Xss)
#   Set larger code cache with -XX:ReservedCodeCacheSize=
# This output file may be truncated or incomplete.
#
#  Out of Memory Error (allocation.cpp:273), pid=8356, tid=0x0000000000001608
#
# JRE version: OpenJDK Runtime Environment (8.0_152-b01) (build 1.8.0_152-release-1343-b01)
# Java VM: OpenJDK 64-Bit Server VM (25.152-b01 mixed mode windows-amd64 compressed oops)
# Failed to write core dump. Minidumps are not enabled by default on client versions of Windows
#

---------------  T H R E A D  ---------------

Current thread (0x0000000018ebb800):  JavaThread "C2 CompilerThread0" daemon [_thread_in_native, id=5640, stack(0x0000000019690000,0x0000000019790000)]

Stack: [0x0000000019690000,0x0000000019790000]
[error occurred during error reporting (printing stack bounds), id 0xc0000005]

Native frames: (J=compiled Java code, j=interpreted, Vv=VM code, C=native code)


Current CompileTask:
C2:   1999 1363       4       java.net.URLClassLoader$1::run (5 bytes)


---------------  P R O C E S S  ---------------

Java Threads: ( => current thread )
  0x000000001b11a000 JavaThread "Cache worker for file hash cache (D:\Nhac\Nhac\Nhac\.gradle\5.1.1\fileHashes)" [_thread_blocked, id=10288, stack(0x000000001ea80000,0x000000001eb80000)]
  0x000000001b11a800 JavaThread "Cache worker for journal cache (C:\Users\hailm\.gradle\caches\journal-1)" [_thread_blocked, id=3548, stack(0x000000001c7e0000,0x000000001c8e0000)]
  0x000000001b11b800 JavaThread "File lock request listener" [_thread_in_native, id=8112, stack(0x000000001c6e0000,0x000000001c7e0000)]
  0x000000001b13b000 JavaThread "Cache worker for file hash cache (C:\Users\hailm\.gradle\caches\5.1.1\fileHashes)" [_thread_blocked, id=5276, stack(0x000000001c5e0000,0x000000001c6e0000)]
  0x000000001adcf000 JavaThread "Thread-8" [_thread_blocked, id=5332, stack(0x000000001c4e0000,0x000000001c5e0000)]
  0x000000001adce000 JavaThread "Stdin handler" [_thread_blocked, id=4716, stack(0x000000001c3e0000,0x000000001c4e0000)]
  0x000000001b0a3000 JavaThread "Asynchronous log dispatcher for DefaultDaemonConnection: socket connection from /127.0.0.1:57556 to /127.0.0.1:57557" [_thread_blocked, id=7296, stack(0x000000001c2e0000,0x000000001c3e0000)]
  0x000000001add1800 JavaThread "Daemon worker" [_thread_in_vm, id=11484, stack(0x000000001c1e0000,0x000000001c2e0000)]
  0x000000001add1000 JavaThread "Cancel handler" [_thread_blocked, id=11360, stack(0x000000001c0e0000,0x000000001c1e0000)]
  0x000000001acd6800 JavaThread "Handler for socket connection from /127.0.0.1:57556 to /127.0.0.1:57557" [_thread_in_native, id=3624, stack(0x000000001bde0000,0x000000001bee0000)]
  0x000000001af30000 JavaThread "Daemon" [_thread_blocked, id=5356, stack(0x000000001bce0000,0x000000001bde0000)]
  0x000000001af22000 JavaThread "Daemon periodic checks" [_thread_blocked, id=1732, stack(0x000000001bbe0000,0x000000001bce0000)]
  0x000000001af1e800 JavaThread "Incoming local TCP Connector on port 57556" [_thread_in_native, id=11220, stack(0x000000001b9a0000,0x000000001baa0000)]
  0x0000000018f50000 JavaThread "Service Thread" daemon [_thread_blocked, id=3188, stack(0x0000000019a90000,0x0000000019b90000)]
  0x0000000016fcc000 JavaThread "C1 CompilerThread3" daemon [_thread_in_native, id=1976, stack(0x0000000019990000,0x0000000019a90000)]
  0x0000000018ec2800 JavaThread "C2 CompilerThread2" daemon [_thread_in_native, id=9092, stack(0x0000000019890000,0x0000000019990000)]
  0x0000000018ebe800 JavaThread "C2 CompilerThread1" daemon [_thread_blocked, id=7816, stack(0x0000000019790000,0x0000000019890000)]
=>0x0000000018ebb800 JavaThread "C2 CompilerThread0" daemon [_thread_in_native, id=5640, stack(0x0000000019690000,0x0000000019790000)]
  0x0000000018eb8800 JavaThread "Attach Listener" daemon [_thread_blocked, id=8556, stack(0x0000000019590000,0x0000000019690000)]
  0x0000000018ec6000 JavaThread "Signal Dispatcher" daemon [_thread_blocked, id=8776, stack(0x0000000019490000,0x0000000019590000)]
  0x00000000031fe000 JavaThread "Finalizer" daemon [_thread_blocked, id=2036, stack(0x0000000019290000,0x0000000019390000)]
  0x00000000031f5000 JavaThread "Reference Handler" daemon [_thread_blocked, id=5892, stack(0x0000000018d90000,0x0000000018e90000)]
  0x0000000002f4e800 JavaThread "main" [_thread_blocked, id=4248, stack(0x0000000003000000,0x0000000003100000)]

Other Threads:
  0x0000000016fb8000 VMThread [stack: 0x0000000018c90000,0x0000000018d90000] [id=11856]
  0x0000000018f50800 WatcherThread [stack: 0x0000000019b90000,0x0000000019c90000] [id=11296]

VM state:not at safepoint (normal execution)

VM Mutex/Monitor currently owned by a thread: None

Heap:
 PSYoungGen      total 37888K, used 17689K [0x00000000e0000000, 0x00000000e2a00000, 0x0000000100000000)
  eden space 32768K, 38% used [0x00000000e0000000,0x00000000e0c4a430,0x00000000e2000000)
  from space 5120K, 99% used [0x00000000e2500000,0x00000000e29fc010,0x00000000e2a00000)
  to   space 5120K, 0% used [0x00000000e2000000,0x00000000e2000000,0x00000000e2500000)
 ParOldGen       total 86016K, used 4939K [0x00000000a0000000, 0x00000000a5400000, 0x00000000e0000000)
  object space 86016K, 5% used [0x00000000a0000000,0x00000000a04d2de8,0x00000000a5400000)
 Metaspace       used 17055K, capacity 17488K, committed 17792K, reserved 1064960K
  class space    used 2457K, capacity 2616K, committed 2688K, reserved 1048576K

Card table byte_map: [0x00000000125c0000,0x00000000128d0000] byte_map_base: 0x00000000120c0000

Marking Bits: (ParMarkBitMap*) 0x000000006f7a5aa0
 Begin Bits: [0x00000000132d0000, 0x0000000014ad0000)
 End Bits:   [0x0000000014ad0000, 0x00000000162d0000)

Polling page: 0x0000000002f50000

CodeCache: size=245760Kb used=5324Kb max_used=5336Kb free=240435Kb
 bounds [0x0000000003200000, 0x0000000003740000, 0x0000000012200000]
 total_blobs=1910 nmethods=1515 adapters=308
 compilation: enabled

Compilation events (10 events):
Event: 1.993 Thread 0x0000000016fcc000 1515       3       org.objectweb.asm.ByteVector::putUTF8 (144 bytes)
Event: 1.993 Thread 0x0000000016fcc000 nmethod 1515 0x0000000003732b10 code [0x0000000003732d00, 0x0000000003733578]
Event: 1.993 Thread 0x0000000016fcc000 1517       3       org.objectweb.asm.ByteVector::putByte (39 bytes)
Event: 1.994 Thread 0x0000000016fcc000 nmethod 1517 0x0000000003733a10 code [0x0000000003733b80, 0x0000000003733da8]
Event: 1.994 Thread 0x0000000016fcc000 1516       3       java.lang.Class::getDeclaredMethod (67 bytes)
Event: 1.994 Thread 0x0000000018ebe800 nmethod 1505 0x0000000003736f50 code [0x00000000037370a0, 0x00000000037374f8]
Event: 1.994 Thread 0x0000000018ebe800 1507       4       java.util.ArrayList$Itr::next (66 bytes)
Event: 1.994 Thread 0x0000000016fcc000 nmethod 1516 0x0000000003735a90 code [0x0000000003735ce0, 0x0000000003736998]
Event: 1.995 Thread 0x0000000016fcc000 1518       3       org.objectweb.asm.Frame::execute (2318 bytes)
Event: 1.995 Thread 0x0000000018ebe800 nmethod 1507 0x00000000037341d0 code [0x0000000003734320, 0x0000000003734438]

GC Heap History (8 events):
Event: 0.556 GC heap before
{Heap before GC invocations=1 (full 0):
 PSYoungGen      total 37888K, used 32768K [0x00000000e0000000, 0x00000000e2a00000, 0x0000000100000000)
  eden space 32768K, 100% used [0x00000000e0000000,0x00000000e2000000,0x00000000e2000000)
  from space 5120K, 0% used [0x00000000e2500000,0x00000000e2500000,0x00000000e2a00000)
  to   space 5120K, 0% used [0x00000000e2000000,0x00000000e2000000,0x00000000e2500000)
 ParOldGen       total 86016K, used 0K [0x00000000a0000000, 0x00000000a5400000, 0x00000000e0000000)
  object space 86016K, 0% used [0x00000000a0000000,0x00000000a0000000,0x00000000a5400000)
 Metaspace       used 6597K, capacity 6734K, committed 7040K, reserved 1056768K
  class space    used 804K, capacity 843K, committed 896K, reserved 1048576K
Event: 0.560 GC heap after
Heap after GC invocations=1 (full 0):
 PSYoungGen      total 37888K, used 4175K [0x00000000e0000000, 0x00000000e2a00000, 0x0000000100000000)
  eden space 32768K, 0% used [0x00000000e0000000,0x00000000e0000000,0x00000000e2000000)
  from space 5120K, 81% used [0x00000000e2000000,0x00000000e2413da0,0x00000000e2500000)
  to   space 5120K, 0% used [0x00000000e2500000,0x00000000e2500000,0x00000000e2a00000)
 ParOldGen       total 86016K, used 8K [0x00000000a0000000, 0x00000000a5400000, 0x00000000e0000000)
  object space 86016K, 0% used [0x00000000a0000000,0x00000000a0002000,0x00000000a5400000)
 Metaspace       used 6597K, capacity 6734K, committed 7040K, reserved 1056768K
  class space    used 804K, capacity 843K, committed 896K, reserved 1048576K
}
Event: 0.872 GC heap before
{Heap before GC invocations=2 (full 0):
 PSYoungGen      total 37888K, used 36943K [0x00000000e0000000, 0x00000000e2a00000, 0x0000000100000000)
  eden space 32768K, 100% used [0x00000000e0000000,0x00000000e2000000,0x00000000e2000000)
  from space 5120K, 81% used [0x00000000e2000000,0x00000000e2413da0,0x00000000e2500000)
  to   space 5120K, 0% used [0x00000000e2500000,0x00000000e2500000,0x00000000e2a00000)
 ParOldGen       total 86016K, used 8K [0x00000000a0000000, 0x00000000a5400000, 0x00000000e0000000)
  object space 86016K, 0% used [0x00000000a0000000,0x00000000a0002000,0x00000000a5400000)
 Metaspace       used 8724K, capacity 8916K, committed 9216K, reserved 1056768K
  class space    used 1131K, capacity 1194K, committed 1280K, reserved 1048576K
Event: 0.876 GC heap after
Heap after GC invocations=2 (full 0):
 PSYoungGen      total 37888K, used 4432K [0x00000000e0000000, 0x00000000e2a00000, 0x0000000100000000)
  eden space 32768K, 0% used [0x00000000e0000000,0x00000000e0000000,0x00000000e2000000)
  from space 5120K, 86% used [0x00000000e2500000,0x00000000e29541f8,0x00000000e2a00000)
  to   space 5120K, 0% used [0x00000000e2000000,0x00000000e2000000,0x00000000e2500000)
 ParOldGen       total 86016K, used 16K [0x00000000a0000000, 0x00000000a5400000, 0x00000000e0000000)
  object space 86016K, 0% used [0x00000000a0000000,0x00000000a0004000,0x00000000a5400000)
 Metaspace       used 8724K, capacity 8916K, committed 9216K, reserved 1056768K
  class space    used 1131K, capacity 1194K, committed 1280K, reserved 1048576K
}
Event: 1.700 GC heap before
{Heap before GC invocations=3 (full 0):
 PSYoungGen      total 37888K, used 37200K [0x00000000e0000000, 0x00000000e2a00000, 0x0000000100000000)
  eden space 32768K, 100% used [0x00000000e0000000,0x00000000e2000000,0x00000000e2000000)
  from space 5120K, 86% used [0x00000000e2500000,0x00000000e29541f8,0x00000000e2a00000)
  to   space 5120K, 0% used [0x00000000e2000000,0x00000000e2000000,0x00000000e2500000)
 ParOldGen       total 86016K, used 16K [0x00000000a0000000, 0x00000000a5400000, 0x00000000e0000000)
  object space 86016K, 0% used [0x00000000a0000000,0x00000000a0004000,0x00000000a5400000)
 Metaspace       used 13194K, capacity 13504K, committed 13824K, reserved 1060864K
  class space    used 1818K, capacity 1966K, committed 2048K, reserved 1048576K
Event: 1.705 GC heap after
Heap after GC invocations=3 (full 0):
 PSYoungGen      total 37888K, used 5102K [0x00000000e0000000, 0x00000000e2a00000, 0x0000000100000000)
  eden space 32768K, 0% used [0x00000000e0000000,0x00000000e0000000,0x00000000e2000000)
  from space 5120K, 99% used [0x00000000e2000000,0x00000000e24fbbb8,0x00000000e2500000)
  to   space 5120K, 0% used [0x00000000e2500000,0x00000000e2500000,0x00000000e2a00000)
 ParOldGen       total 86016K, used 1841K [0x00000000a0000000, 0x00000000a5400000, 0x00000000e0000000)
  object space 86016K, 2% used [0x00000000a0000000,0x00000000a01cc710,0x00000000a5400000)
 Metaspace       used 13194K, capacity 13504K, committed 13824K, reserved 1060864K
  class space    used 1818K, capacity 1966K, committed 2048K, reserved 1048576K
}
Event: 1.912 GC heap before
{Heap before GC invocations=4 (full 0):
 PSYoungGen      total 37888K, used 37870K [0x00000000e0000000, 0x00000000e2a00000, 0x0000000100000000)
  eden space 32768K, 100% used [0x00000000e0000000,0x00000000e2000000,0x00000000e2000000)
  from space 5120K, 99% used [0x00000000e2000000,0x00000000e24fbbb8,0x00000000e2500000)
  to   space 5120K, 0% used [0x00000000e2500000,0x00000000e2500000,0x00000000e2a00000)
 ParOldGen       total 86016K, used 1841K [0x00000000a0000000, 0x00000000a5400000, 0x00000000e0000000)
  object space 86016K, 2% used [0x00000000a0000000,0x00000000a01cc710,0x00000000a5400000)
 Metaspace       used 15960K, capacity 16272K, committed 16512K, reserved 1062912K
  class space    used 2285K, capacity 2424K, committed 2432K, reserved 1048576K
Event: 1.917 GC heap after
Heap after GC invocations=4 (full 0):
 PSYoungGen      total 37888K, used 5104K [0x00000000e0000000, 0x00000000e2a00000, 0x0000000100000000)
  eden space 32768K, 0% used [0x00000000e0000000,0x00000000e0000000,0x00000000e2000000)
  from space 5120K, 99% used [0x00000000e2500000,0x00000000e29fc010,0x00000000e2a00000)
  to   space 5120K, 0% used [0x00000000e2000000,0x00000000e2000000,0x00000000e2500000)
 ParOldGen       total 86016K, used 4939K [0x00000000a0000000, 0x00000000a5400000, 0x00000000e0000000)
  object space 86016K, 5% used [0x00000000a0000000,0x00000000a04d2de8,0x00000000a5400000)
 Metaspace       used 15960K, capacity 16272K, committed 16512K, reserved 1062912K
  class space    used 2285K, capacity 2424K, committed 2432K, reserved 1048576K
}

Deoptimization events (10 events):
Event: 1.560 Thread 0x000000001acd6800 Uncommon trap: reason=unstable_if action=reinterpret pc=0x00000000035cac34 method=java.util.concurrent.ConcurrentHashMap.putVal(Ljava/lang/Object;Ljava/lang/Object;Z)Ljava/lang/Object; @ 206
Event: 1.598 Thread 0x000000001add1800 Uncommon trap: reason=bimorphic action=maybe_recompile pc=0x00000000034a25c0 method=java.util.HashMap.putVal(ILjava/lang/Object;Ljava/lang/Object;ZZ)Ljava/lang/Object; @ 253
Event: 1.598 Thread 0x000000001add1800 Uncommon trap: reason=bimorphic action=maybe_recompile pc=0x00000000034a25c0 method=java.util.HashMap.putVal(ILjava/lang/Object;Ljava/lang/Object;ZZ)Ljava/lang/Object; @ 253
Event: 1.598 Thread 0x000000001add1800 Uncommon trap: reason=bimorphic action=maybe_recompile pc=0x00000000034a25c0 method=java.util.HashMap.putVal(ILjava/lang/Object;Ljava/lang/Object;ZZ)Ljava/lang/Object; @ 253
Event: 1.598 Thread 0x000000001add1800 Uncommon trap: reason=bimorphic action=maybe_recompile pc=0x000000000349d828 method=java.util.HashMap.putVal(ILjava/lang/Object;Ljava/lang/Object;ZZ)Ljava/lang/Object; @ 253
Event: 1.694 Thread 0x000000001add1800 Uncommon trap: reason=class_check action=maybe_recompile pc=0x00000000034c6018 method=java.util.regex.Matcher.match(II)Z @ 86
Event: 1.709 Thread 0x000000001add1800 Uncommon trap: reason=class_check action=maybe_recompile pc=0x00000000034c6018 method=java.util.regex.Matcher.match(II)Z @ 86
Event: 1.709 Thread 0x000000001add1800 Uncommon trap: reason=class_check action=maybe_recompile pc=0x00000000034c6018 method=java.util.regex.Matcher.match(II)Z @ 86
Event: 1.709 Thread 0x000000001add1800 Uncommon trap: reason=class_check action=maybe_recompile pc=0x0000000003481b5c method=java.util.regex.Matcher.match(II)Z @ 86
Event: 1.831 Thread 0x000000001add1800 Uncommon trap: reason=unstable_if action=reinterpret pc=0x00000000035f1c34 method=java.lang.String.lastIndexOf([CII[CIII)I @ 66

Classes redefined (0 events):
No events

Internal exceptions (10 events):
Event: 1.562 Thread 0x000000001acd6800 Exception <a 'java/lang/NoSuchMethodError': <clinit>> (0x00000000e0a40a48) thrown at [D:\src\AOSP-openjdk-cygwin\jdk8u\hotspot\src\share\vm\prims\jni.cpp, line 1613]
Event: 1.564 Thread 0x000000001acd6800 Exception <a 'java/lang/NoSuchMethodError': <clinit>> (0x00000000e0a53b58) thrown at [D:\src\AOSP-openjdk-cygwin\jdk8u\hotspot\src\share\vm\prims\jni.cpp, line 1613]
Event: 1.565 Thread 0x000000001acd6800 Exception <a 'java/lang/NoSuchMethodError': <clinit>> (0x00000000e0a7a900) thrown at [D:\src\AOSP-openjdk-cygwin\jdk8u\hotspot\src\share\vm\prims\jni.cpp, line 1613]
Event: 1.566 Thread 0x000000001acd6800 Exception <a 'java/lang/NoSuchMethodError': <clinit>> (0x00000000e0a924d0) thrown at [D:\src\AOSP-openjdk-cygwin\jdk8u\hotspot\src\share\vm\prims\jni.cpp, line 1613]
Event: 1.567 Thread 0x000000001acd6800 Exception <a 'java/lang/NoSuchMethodError': <clinit>> (0x00000000e0a9af98) thrown at [D:\src\AOSP-openjdk-cygwin\jdk8u\hotspot\src\share\vm\prims\jni.cpp, line 1613]
Event: 1.567 Thread 0x000000001acd6800 Exception <a 'java/lang/NoSuchMethodError': <clinit>> (0x00000000e0ab1148) thrown at [D:\src\AOSP-openjdk-cygwin\jdk8u\hotspot\src\share\vm\prims\jni.cpp, line 1613]
Event: 1.572 Thread 0x000000001acd6800 Exception <a 'java/lang/NoSuchMethodError': <clinit>> (0x00000000e0b0e808) thrown at [D:\src\AOSP-openjdk-cygwin\jdk8u\hotspot\src\share\vm\prims\jni.cpp, line 1613]
Event: 1.574 Thread 0x000000001acd6800 Exception <a 'java/lang/NoSuchMethodError': <clinit>> (0x00000000e0b3aba8) thrown at [D:\src\AOSP-openjdk-cygwin\jdk8u\hotspot\src\share\vm\prims\jni.cpp, line 1613]
Event: 1.579 Thread 0x000000001acd6800 Exception <a 'java/lang/NoSuchMethodError': <clinit>> (0x00000000e0b68590) thrown at [D:\src\AOSP-openjdk-cygwin\jdk8u\hotspot\src\share\vm\prims\jni.cpp, line 1613]
Event: 1.580 Thread 0x000000001acd6800 Exception <a 'java/lang/NoSuchMethodError': <clinit>> (0x00000000e0b73930) thrown at [D:\src\AOSP-openjdk-cygwin\jdk8u\hotspot\src\share\vm\prims\jni.cpp, line 1613]

Events (10 events):
Event: 1.991 loading class org/gradle/api/internal/AbstractClassGenerator$PropertyMetaData
Event: 1.991 loading class org/gradle/api/internal/AbstractClassGenerator$PropertyMetaData done
Event: 1.993 loading class org/gradle/api/provider/Property
Event: 1.993 loading class org/gradle/api/provider/Property done
Event: 1.994 loading class org/gradle/api/provider/HasMultipleValues
Event: 1.994 loading class org/gradle/api/provider/HasMultipleValues done
Event: 1.994 loading class org/gradle/api/provider/MapProperty
Event: 1.994 loading class org/gradle/api/provider/MapProperty done
Event: 1.995 loading class org/gradle/api/internal/ConventionMapping$MappedProperty
Event: 1.995 loading class org/gradle/api/internal/ConventionMapping$MappedProperty done


Dynamic libraries:
0x00007ff71cc10000 - 0x00007ff71cc41000 	C:\Program Files\Android\Android Studio\jre\bin\java.exe
0x00007ff81dd60000 - 0x00007ff81df50000 	C:\WINDOWS\SYSTEM32\ntdll.dll
0x00007ff81c340000 - 0x00007ff81c3f2000 	C:\WINDOWS\System32\KERNEL32.DLL
0x00007ff81b700000 - 0x00007ff81b9a3000 	C:\WINDOWS\System32\KERNELBASE.dll
0x00007ff81cca0000 - 0x00007ff81cd43000 	C:\WINDOWS\System32\ADVAPI32.dll
0x00007ff81d6c0000 - 0x00007ff81d75e000 	C:\WINDOWS\System32\msvcrt.dll
0x00007ff81dab0000 - 0x00007ff81db47000 	C:\WINDOWS\System32\sechost.dll
0x00007ff81d7d0000 - 0x00007ff81d8f0000 	C:\WINDOWS\System32\RPCRT4.dll
0x00007ff81db50000 - 0x00007ff81dce3000 	C:\WINDOWS\System32\USER32.dll
0x00007ff81af00000 - 0x00007ff81af21000 	C:\WINDOWS\System32\win32u.dll
0x00007ff81d8f0000 - 0x00007ff81d916000 	C:\WINDOWS\System32\GDI32.dll
0x00007ff81ad60000 - 0x00007ff81aef4000 	C:\WINDOWS\System32\gdi32full.dll
0x00007ff81bcd0000 - 0x00007ff81bd6e000 	C:\WINDOWS\System32\msvcp_win.dll
0x00007ff81b9b0000 - 0x00007ff81baaa000 	C:\WINDOWS\System32\ucrtbase.dll
0x00007ff80c450000 - 0x00007ff80c6d5000 	C:\WINDOWS\WinSxS\amd64_microsoft.windows.common-controls_6595b64144ccf1df_6.0.18362.239_none_e6c7aebd130c7608\COMCTL32.dll
0x00007ff81cdc0000 - 0x00007ff81d0f6000 	C:\WINDOWS\System32\combase.dll
0x00007ff81bab0000 - 0x00007ff81bb30000 	C:\WINDOWS\System32\bcryptPrimitives.dll
0x00007ff81dcf0000 - 0x00007ff81dd1e000 	C:\WINDOWS\System32\IMM32.DLL
0x000000006c620000 - 0x000000006c6f2000 	C:\Program Files\Android\Android Studio\jre\jre\bin\msvcr100.dll
0x000000006efe0000 - 0x000000006f821000 	C:\Program Files\Android\Android Studio\jre\jre\bin\server\jvm.dll
0x00007ff81d7c0000 - 0x00007ff81d7c8000 	C:\WINDOWS\System32\PSAPI.DLL
0x00007ff815e20000 - 0x00007ff815e2a000 	C:\WINDOWS\SYSTEM32\VERSION.dll
0x00007ff816330000 - 0x00007ff816354000 	C:\WINDOWS\SYSTEM32\WINMM.dll
0x00007ff805300000 - 0x00007ff805309000 	C:\WINDOWS\SYSTEM32\WSOCK32.dll
0x00007ff81d650000 - 0x00007ff81d6bf000 	C:\WINDOWS\System32\WS2_32.dll
0x00007ff8161c0000 - 0x00007ff8161ed000 	C:\WINDOWS\SYSTEM32\winmmbase.dll
0x00007ff81bc80000 - 0x00007ff81bcca000 	C:\WINDOWS\System32\cfgmgr32.dll
0x00007ff802ce0000 - 0x00007ff802cef000 	C:\Program Files\Android\Android Studio\jre\jre\bin\verify.dll
0x00007fffe7780000 - 0x00007fffe77a9000 	C:\Program Files\Android\Android Studio\jre\jre\bin\java.dll
0x00007fffe75d0000 - 0x00007fffe75e6000 	C:\Program Files\Android\Android Studio\jre\jre\bin\zip.dll
0x00007ff81c400000 - 0x00007ff81cae0000 	C:\WINDOWS\System32\SHELL32.dll
0x00007ff81d5a0000 - 0x00007ff81d649000 	C:\WINDOWS\System32\shcore.dll
0x00007ff81af60000 - 0x00007ff81b6db000 	C:\WINDOWS\System32\windows.storage.dll
0x00007ff81ace0000 - 0x00007ff81acff000 	C:\WINDOWS\System32\profapi.dll
0x00007ff81ac70000 - 0x00007ff81acba000 	C:\WINDOWS\System32\powrprof.dll
0x00007ff81ac40000 - 0x00007ff81ac50000 	C:\WINDOWS\System32\UMPDC.dll
0x00007ff81d760000 - 0x00007ff81d7b2000 	C:\WINDOWS\System32\shlwapi.dll
0x00007ff81ac50000 - 0x00007ff81ac61000 	C:\WINDOWS\System32\kernel.appcore.dll
0x00007ff81b6e0000 - 0x00007ff81b6f7000 	C:\WINDOWS\System32\cryptsp.dll
0x00007fffe75b0000 - 0x00007fffe75ca000 	C:\Program Files\Android\Android Studio\jre\jre\bin\net.dll
0x00007ff81a450000 - 0x00007ff81a4b7000 	C:\WINDOWS\system32\mswsock.dll
0x00007fffe7450000 - 0x00007fffe7461000 	C:\Program Files\Android\Android Studio\jre\jre\bin\nio.dll
0x00007ff80a590000 - 0x00007ff80a5ae000 	C:\Users\hailm\.gradle\native\25\windows-amd64\native-platform.dll
0x00007ff8023d0000 - 0x00007ff8023dd000 	C:\Program Files\Android\Android Studio\jre\jre\bin\management.dll
0x00007ff81a010000 - 0x00007ff81a043000 	C:\WINDOWS\system32\rsaenh.dll
0x00007ff81af30000 - 0x00007ff81af56000 	C:\WINDOWS\System32\bcrypt.dll
0x00007ff81ab60000 - 0x00007ff81ab85000 	C:\WINDOWS\SYSTEM32\USERENV.dll
0x00007ff81a620000 - 0x00007ff81a62c000 	C:\WINDOWS\SYSTEM32\CRYPTBASE.dll
0x00007ff81a1b0000 - 0x00007ff81a1ea000 	C:\WINDOWS\SYSTEM32\IPHLPAPI.DLL
0x00007ff81c2b0000 - 0x00007ff81c2b8000 	C:\WINDOWS\System32\NSI.dll
0x00007ff8146f0000 - 0x00007ff814706000 	C:\WINDOWS\SYSTEM32\dhcpcsvc6.DLL
0x00007ff814560000 - 0x00007ff81457c000 	C:\WINDOWS\SYSTEM32\dhcpcsvc.DLL
0x00007ff81a1f0000 - 0x00007ff81a2ba000 	C:\WINDOWS\SYSTEM32\DNSAPI.dll

VM Arguments:
jvm_args: -Xmx1536m -Dfile.encoding=windows-1252 -Duser.country=US -Duser.language=en -Duser.variant 
java_command: org.gradle.launcher.daemon.bootstrap.GradleDaemon 5.1.1
java_class_path (initial): C:\Users\hailm\.gradle\wrapper\dists\gradle-5.1.1-all\97z1ksx6lirer3kbvdnh7jtjg\gradle-5.1.1\lib\gradle-launcher-5.1.1.jar
Launcher Type: SUN_STANDARD

Environment Variables:
PATH=C:\Program Files\Microsoft MPI\Bin\;C:\Windows\system32;C:\Windows;C:\Windows\System32\Wbem;C:\Windows\System32\WindowsPowerShell\v1.0\;C:\Windows\System32\OpenSSH\;C:\Users\hailm\.dnx\bin;C:\Program Files\Microsoft DNX\Dnvm\;C:\Program Files (x86)\Microsoft SQL Server\140\Tools\Binn\;C:\Program Files\Microsoft SQL Server\140\Tools\Binn\;C:\Program Files (x86)\Microsoft SQL Server\140\DTS\Binn\;C:\Program Files\Microsoft SQL Server\140\DTS\Binn\;C:\Program Files\Microsoft SQL Server\Client SDK\ODBC\130\Tools\Binn\;C:\Program Files (x86)\NVIDIA Corporation\PhysX\Common;C:\Program Files (x86)\Microsoft SQL Server\Client SDK\ODBC\130\Tools\Binn\;C:\Program Files (x86)\Microsoft SQL Server\140\Tools\Binn\ManagementStudio\;C:\Program Files\Git\cmd;C:\WINDOWS\system32;C:\WINDOWS;C:\WINDOWS\System32\Wbem;C:\WINDOWS\System32\WindowsPowerShell\v1.0\;C:\WINDOWS\System32\OpenSSH\;C:\Users\hailm\AppData\Local\Microsoft\WindowsApps;
USERNAME=hailm
OS=Windows_NT
PROCESSOR_IDENTIFIER=Intel64 Family 6 Model 158 Stepping 10, GenuineIntel



---------------  S Y S T E M  ---------------

OS: Windows 10.0 , 64 bit Build 18362 (10.0.18362.86)

CPU:total 8 (initial active 8) (4 cores per cpu, 2 threads per core) family 6 model 158 stepping 10, cmov, cx8, fxsr, mmx, sse, sse2, sse3, ssse3, sse4.1, sse4.2, popcnt, avx, avx2, aes, clmul, erms, 3dnowpref, lzcnt, ht, tsc, tscinvbit, bmi1, bmi2, adx

Memory: 4k page, physical 8227124k(559984k free), swap 12372276k(5132k free)

vm_info: OpenJDK 64-Bit Server VM (25.152-b01) for windows-amd64 JRE (1.8.0_152-release-1343-b01), built by "builder" with MS VC++ 10.0 (VS2010)

time: Thu Jul 25 11:23:08 2019
elapsed time: 2 seconds (0d 0h 0m 2s)

